This is pdfTeX, Version 3.141592653-2.6-1.40.25 (MiKTeX 24.1) (preloaded format=pdflatex 2025.9.29)  29 SEP 2025 17:21
entering extended mode
 restricted \write18 enabled.
 file:line:error style messages enabled.
 %&-line parsing enabled.
**./main.tex
(main.tex
LaTeX2e <2023-11-01> patch level 1
L3 programming layer <2024-01-04>
(C:\Program Files\MiKTeX\tex/latex/base\article.cls
Document Class: article 2023/05/17 v1.4n Standard LaTeX document class
(C:\Program Files\MiKTeX\tex/latex/base\size10.clo
File: size10.clo 2023/05/17 v1.4n Standard LaTeX file (size option)
)
\c@part=\count187
\c@section=\count188
\c@subsection=\count189
\c@subsubsection=\count190
\c@paragraph=\count191
\c@subparagraph=\count192
\c@figure=\count193
\c@table=\count194
\abovecaptionskip=\skip48
\belowcaptionskip=\skip49
\bibindent=\dimen140
)
(C:\Program Files\MiKTeX\tex/latex/base\inputenc.sty
Package: inputenc 2021/02/14 v1.3d Input encoding file
\inpenc@prehook=\toks17
\inpenc@posthook=\toks18
)
(C:\Program Files\MiKTeX\tex/latex/amsmath\amsmath.sty
Package: amsmath 2023/05/13 v2.17o AMS math features
\@mathmargin=\skip50

For additional information on amsmath, use the `?' option.
(C:\Program Files\MiKTeX\tex/latex/amsmath\amstext.sty
Package: amstext 2021/08/26 v2.01 AMS text

(C:\Program Files\MiKTeX\tex/latex/amsmath\amsgen.sty
File: amsgen.sty 1999/11/30 v2.0 generic functions
\@emptytoks=\toks19
\ex@=\dimen141
))
(C:\Program Files\MiKTeX\tex/latex/amsmath\amsbsy.sty
Package: amsbsy 1999/11/29 v1.2d Bold Symbols
\pmbraise@=\dimen142
)
(C:\Program Files\MiKTeX\tex/latex/amsmath\amsopn.sty
Package: amsopn 2022/04/08 v2.04 operator names
)
\inf@bad=\count195
LaTeX Info: Redefining \frac on input line 234.
\uproot@=\count196
\leftroot@=\count197
LaTeX Info: Redefining \overline on input line 399.
LaTeX Info: Redefining \colon on input line 410.
\classnum@=\count198
\DOTSCASE@=\count199
LaTeX Info: Redefining \ldots on input line 496.
LaTeX Info: Redefining \dots on input line 499.
LaTeX Info: Redefining \cdots on input line 620.
\Mathstrutbox@=\box51
\strutbox@=\box52
LaTeX Info: Redefining \big on input line 722.
LaTeX Info: Redefining \Big on input line 723.
LaTeX Info: Redefining \bigg on input line 724.
LaTeX Info: Redefining \Bigg on input line 725.
\big@size=\dimen143
LaTeX Font Info:    Redeclaring font encoding OML on input line 743.
LaTeX Font Info:    Redeclaring font encoding OMS on input line 744.
\macc@depth=\count266
LaTeX Info: Redefining \bmod on input line 905.
LaTeX Info: Redefining \pmod on input line 910.
LaTeX Info: Redefining \smash on input line 940.
LaTeX Info: Redefining \relbar on input line 970.
LaTeX Info: Redefining \Relbar on input line 971.
\c@MaxMatrixCols=\count267
\dotsspace@=\muskip16
\c@parentequation=\count268
\dspbrk@lvl=\count269
\tag@help=\toks20
\row@=\count270
\column@=\count271
\maxfields@=\count272
\andhelp@=\toks21
\eqnshift@=\dimen144
\alignsep@=\dimen145
\tagshift@=\dimen146
\tagwidth@=\dimen147
\totwidth@=\dimen148
\lineht@=\dimen149
\@envbody=\toks22
\multlinegap=\skip51
\multlinetaggap=\skip52
\mathdisplay@stack=\toks23
LaTeX Info: Redefining \[ on input line 2953.
LaTeX Info: Redefining \] on input line 2954.
)
(C:\Program Files\MiKTeX\tex/latex/graphics\graphicx.sty
Package: graphicx 2021/09/16 v1.2d Enhanced LaTeX Graphics (DPC,SPQR)

(C:\Program Files\MiKTeX\tex/latex/graphics\keyval.sty
Package: keyval 2022/05/29 v1.15 key=value parser (DPC)
\KV@toks@=\toks24
)
(C:\Program Files\MiKTeX\tex/latex/graphics\graphics.sty
Package: graphics 2022/03/10 v1.4e Standard LaTeX Graphics (DPC,SPQR)

(C:\Program Files\MiKTeX\tex/latex/graphics\trig.sty
Package: trig 2021/08/11 v1.11 sin cos tan (DPC)
)
(C:\Program Files\MiKTeX\tex/latex/graphics-cfg\graphics.cfg
File: graphics.cfg 2016/06/04 v1.11 sample graphics configuration
)
Package graphics Info: Driver file: pdftex.def on input line 107.

(C:\Program Files\MiKTeX\tex/latex/graphics-def\pdftex.def
File: pdftex.def 2022/09/22 v1.2b Graphics/color driver for pdftex
))
\Gin@req@height=\dimen150
\Gin@req@width=\dimen151
)
(C:\Program Files\MiKTeX\tex/latex/l3backend\l3backend-pdftex.def
File: l3backend-pdftex.def 2024-01-04 L3 backend support: PDF output (pdfTeX)
\l__color_backend_stack_int=\count273
\l__pdf_internal_box=\box53
)
(C:/Users\Pars\Desktop\my computer\taha\zohram\Ziraxa\project\DL\IE-ai-enginiee
r\auxil\main.aux)
\openout1 = `main.aux'.

LaTeX Font Info:    Checking defaults for OML/cmm/m/it on input line 6.
LaTeX Font Info:    ... okay on input line 6.
LaTeX Font Info:    Checking defaults for OMS/cmsy/m/n on input line 6.
LaTeX Font Info:    ... okay on input line 6.
LaTeX Font Info:    Checking defaults for OT1/cmr/m/n on input line 6.
LaTeX Font Info:    ... okay on input line 6.
LaTeX Font Info:    Checking defaults for T1/cmr/m/n on input line 6.
LaTeX Font Info:    ... okay on input line 6.
LaTeX Font Info:    Checking defaults for TS1/cmr/m/n on input line 6.
LaTeX Font Info:    ... okay on input line 6.
LaTeX Font Info:    Checking defaults for OMX/cmex/m/n on input line 6.
LaTeX Font Info:    ... okay on input line 6.
LaTeX Font Info:    Checking defaults for U/cmr/m/n on input line 6.
LaTeX Font Info:    ... okay on input line 6.
 (C:\Program Files\MiKTeX\tex/context/base/mkii\supp-pdf.mkii
[Loading MPS to PDF converter (version 2006.09.02).]
\scratchcounter=\count274
\scratchdimen=\dimen152
\scratchbox=\box54
\nofMPsegments=\count275
\nofMParguments=\count276
\everyMPshowfont=\toks25
\MPscratchCnt=\count277
\MPscratchDim=\dimen153
\MPnumerator=\count278
\makeMPintoPDFobject=\count279
\everyMPtoPDFconversion=\toks26
) (C:\Program Files\MiKTeX\tex/latex/epstopdf-pkg\epstopdf-base.sty
Package: epstopdf-base 2020-01-24 v2.11 Base part for package epstopdf
Package epstopdf-base Info: Redefining graphics rule for `.eps' on input line 4
85.

(C:\Program Files\MiKTeX\tex/latex/00miktex\epstopdf-sys.cfg
File: epstopdf-sys.cfg 2021/03/18 v2.0 Configuration of epstopdf for MiKTeX
))

main.tex:8: LaTeX Error: Unicode character Ø³ (U+0633)
               not set up for use with LaTeX.

See the LaTeX manual or LaTeX Companion for explanation.
Type  H <return>  for immediate help.
 ...                                              
                                                  
l.8 Ø³
      Ù„Ø§Ù…! Ø§ÛŒÙ† Ø§ÙˆÙ„ÛŒÙ† Ù¾Ø±ÙˆÚ˜Ù‡ \LaTeX{} Ù…Ù† Ø§Ø³Øª.
You may provide a definition with
\DeclareUnicodeCharacter 


main.tex:8: LaTeX Error: Unicode character Ù„ (U+0644)
               not set up for use with LaTeX.

See the LaTeX manual or LaTeX Companion for explanation.
Type  H <return>  for immediate help.
 ...                                              
                                                  
l.8 Ø³Ù„
        Ø§Ù…! Ø§ÛŒÙ† Ø§ÙˆÙ„ÛŒÙ† Ù¾Ø±ÙˆÚ˜Ù‡ \LaTeX{} Ù…Ù† Ø§Ø³Øª.
You may provide a definition with
\DeclareUnicodeCharacter 


main.tex:8: LaTeX Error: Unicode character Ø§ (U+0627)
               not set up for use with LaTeX.

See the LaTeX manual or LaTeX Companion for explanation.
Type  H <return>  for immediate help.
 ...                                              
                                                  
l.8 Ø³Ù„Ø§
          Ù…! Ø§ÛŒÙ† Ø§ÙˆÙ„ÛŒÙ† Ù¾Ø±ÙˆÚ˜Ù‡ \LaTeX{} Ù…Ù† Ø§Ø³Øª.
You may provide a definition with
\DeclareUnicodeCharacter 


main.tex:8: LaTeX Error: Unicode character Ù… (U+0645)
               not set up for use with LaTeX.

See the LaTeX manual or LaTeX Companion for explanation.
Type  H <return>  for immediate help.
 ...                                              
                                                  
l.8 Ø³Ù„Ø§Ù…
            ! Ø§ÛŒÙ† Ø§ÙˆÙ„ÛŒÙ† Ù¾Ø±ÙˆÚ˜Ù‡ \LaTeX{} Ù…Ù† Ø§Ø³Øª.
You may provide a definition with
\DeclareUnicodeCharacter 


main.tex:8: LaTeX Error: Unicode character Ø§ (U+0627)
               not set up for use with LaTeX.

See the LaTeX manual or LaTeX Companion for explanation.
Type  H <return>  for immediate help.
 ...                                              
                                                  
l.8 Ø³Ù„Ø§Ù…! Ø§
                ÛŒÙ† Ø§ÙˆÙ„ÛŒÙ† Ù¾Ø±ÙˆÚ˜Ù‡ \LaTeX{} Ù…Ù† Ø§Ø³Øª.
You may provide a definition with
\DeclareUnicodeCharacter 


main.tex:8: LaTeX Error: Une LaTeX manual or LaTeX Companion for explanation.
Type  H <return>  for immediate help.
 ...                                              
                                                  
l.8 Ø³Ù„Ø§Ù…! Ø§ÛŒ
                  Ù† Ø§ÙˆÙ„ÛŒÙ† Ù¾Ø±ÙˆÚ˜Ù‡ \LaTeX{} Ù…Ù† Ø§Ø³Øª.
You may provide a definition with
\DeclareUnicodeCharacter 


main.tex:8: LaTeX Error: Unicode character Ù† (U+0646)
               not set up for use with LaTeX.

See the LaTeX manual or LaTeX Companion for explanation.
Type  H <return>  for immediate help.
 ...                                              
                                                  
l.8 Ø³Ù„Ø§Ù…! Ø§ÛŒÙ†
                     Ø§ÙˆÙ„ÛŒÙ† Ù¾Ø±ÙˆÚ˜Ù‡ \LaTeX{} Ù…Ù† Ø§Ø³Øª.
You may provide a definition with
\DeclareUnicodeCharacter 


main.tex:8: LaTeX Error: Unicode character Ø§ (U+0627)
               not set up for use with LaTeX.

See the LaTeX manual or LaTeX Companion for explanation.
Type  H <return>  for immediate help.
 ...                                              
                                                  
l.8 Ø³Ù„Ø§Ù…! Ø§ÛŒÙ† Ø§
                       ÙˆÙ„ÛŒÙ† Ù¾Ø±ÙˆÚ˜Ù‡ \LaTeX{} Ù…Ù† Ø§Ø³Øª.
You may provide a definition with
\DeclareUnicodeCharacter 


main.tex:8: LaTeX Error: Unicode character Ùˆ (U+0648)
               not set up for use with LaTeX.

See the LaTeX manual or LaTeX Companion for explanation.
Type  H <return>  for immediate help.
 ...                                              
                                                  
l.8 Ø³Ù„Ø§Ù…! Ø§ÛŒÙ† Ø§Ùˆ
                         Ù„ÛŒÙ† Ù¾Ø±ÙˆÚ˜Ù‡ \LaTeX{} Ù…Ù† Ø§Ø³Øª.
You may provide a definition with
\DeclareUnicodeCharacter 


main.tex:8: LaTeX Error: Unicode character Ù„ (U+0644)
               not set up for use with LaTeX.

See the LaTeX manual or LaTeX Companion for explanation.
Type  H <return>  for immediate help.
 ...                                              
                                                  
l.8 Ø³Ù„Ø§Ù…! Ø§ÛŒÙ† Ø§ÙˆÙ„
                           ÛŒÙ† Ù¾Ø±ÙˆÚ˜Ù‡ \LaTeX{} Ù…Ù† Ø§Ø³Øª.
You may provide a definition with
\DeclareUnicodeCharacter 


main.tex:8: LaTeX Error: Unicode character ÛŒ (U+06CC)
               not set up for use with LaTeX.

See the LaTeX manual or LaTeX Companion for explanation.
Type  H <return>  for immediate help.
 ...                                              
                     te help.
 ...                                              
                                                  
l.8 Ø³Ù„Ø§Ù…! Ø§ÛŒÙ† Ø§ÙˆÙ„ÛŒ
                             Ù† Ù¾Ø±ÙˆÚ˜Ù‡ \LaTeX{} Ù…Ù† Ø§Ø³Øª.
You may provide a definition with
\DeclareUnicodeCharacter 


main.tex:8: LaTeX Error: Unicode character Ù† (U+0646)
               not set up for use with LaTeX.

See the LaTeX manual or LaTeX Companion for explanation.
Type  H <return>  for immediate help.
 ...                                              
                                                  
l.8 Ø³Ù„Ø§Ù…! Ø§ÛŒÙ† Ø§ÙˆÙ„ÛŒÙ†
                                Ù¾Ø±ÙˆÚ˜Ù‡ \LaTeX{} Ù…Ù† Ø§Ø³Øª.
You may provide a definition with
\DeclareUnicodeCharacter 


main.tex:8: LaTeX Error: Unicode character Ù¾ (U+067E)
               not set up for use with LaTeX.

See the LaTeX manual or LaTeX Companion for explanation.
Type  H <return>  for immediate help.
 ...                                              
                                                  
l.8 Ø³Ù„Ø§Ù…! Ø§ÛŒÙ† Ø§ÙˆÙ„ÛŒÙ† Ù¾
                                  Ø±ÙˆÚ˜Ù‡ \LaTeX{} Ù…Ù† Ø§Ø³Øª.
You may provide a definition with
\DeclareUnicodeCharacter 


main.tex:8: LaTeX Error: Unicode character Ø± (U+0631)
               not set up for use with LaTeX.

See the LaTeX manual or LaTeX Companion for explanation.
Type  H <return>  for immediate help.
 ...                                              
                                                  
l.8 Ø³Ù„Ø§Ù…! Ø§ÛŒÙ† Ø§ÙˆÙ„ÛŒÙ† Ù¾Ø±
                                    ÙˆÚ˜Ù‡ \LaTeX{} Ù…Ù† Ø§Ø³Øª.
You may provide a definition with
\DeclareUnicodeCharacter 


main.tex:8: LaTeX Error: Unicode character Ùˆ (U+0648)
               not set up for use with LaTeX.

See the LaTeX manual or LaTeX Companion for explanation.
Type  H <return>  for immediate help.
 ...                                              
                                                  
l.8 Ø³Ù„Ø§Ù…! Ø§ÛŒÙ† Ø§ÙˆÙ„ÛŒÙ† Ù¾Ø±Ùˆ
                                      Ú˜Ù‡ \LaTeX{} Ù…Ù† Ø§Ø³Øª.
You may provide a definition with
\DeclareUnicodeCharacter 


main.tex:8: LaTeX Error: Unicode character Ú˜ (U+0698)
               not set up for use with LaTeX.

See the LaTeX manual or LaTeX Companion for explanation.
Type  H <return>  for immediate help.
 ...                                              
                                                  
l.8 Ø³Ù„Ø§Ù…! Ø§ÛŒÙ† Ø§ÙˆÙ„ÛŒÙ† Ù¾Ø±ÙˆÚ˜
                                        Ù‡ \LaTeX{} Ù…Ù† Ø§Ø³Øª.
You may provide a definition with
\DeclareUnicodeCharacter 


main.tex:8: LaTeX Error: Unicode character Ù‡ (U+0647)
               not set up for use with LaTeX.

See the LaTeX manual or LaTeX Companion for explanation.
Type  H <return>  for immediate help.
 ...                                              
                                                  
l.8 Ø³Ù„Ø§Ù…! Ø§ÛŒÙ† Ø§ÙˆÙ„ÛŒÙ† Ù¾Ø±ÙˆÚ˜Ù‡
                                           \LaTeX{} Ù…Ù† Ø§Ø³Øª.
You may provide a definition with
\DeclareUnicodeCharacter 


main.tex:8: LaTeX Error: Unicode character Ù… (U+0645)
               not set up for use with LaTeX.

See the LaTeX manual or LaTeX Companion for explanation.
Type  H <return>  for immediate help.
 ...                                              
                                                  
l.8 ...…! Ø§ÛŒÙ† Ø§ÙˆÙ„ÛŒÙ† Ù¾Ø±ÙˆÚ˜Ù‡ \LaTeX{} Ù…
                                                  Ù† Ø§Ø³Øª.
You may provide a definition with
\DeclareUnicodeCharacter 


main.tex:8: LaTeX Error: Unicode character Ù† (U+0646)
               not set up for use with LaTeX.

See the LaTeX manual or LaTeX Companion for explanation.
Type  H <return>  for immediate help.
 ...                                              
                                                  
l.8 ... Ø§ÛŒÙ† Ø§ÙˆÙ„ÛŒÙ† Ù¾Ø±ÙˆÚ˜Ù‡ \LaTeX{} Ù…Ù†
                                                   Ø§Ø³Øª.
You may provide a definition with
\DeclareUnicodeCharacter 


main.tex:8: LaTeX Error: Unicode character Ø§ (U+0627)
               not set up for use with LaTeX.

See the LaTeX manual or LaTeX Companion for explanation.
Type  H <return>  for immediate help.
 ...                                              
                                                  
l.8 ...ÛŒÙ† Ø§ÙˆÙ„ÛŒÙ† Ù¾Ø±ÙˆÚ˜Ù‡ \LaTeX{} Ù…Ù† Ø§
                                                  Ø³Øª.
You may provide a definition with
\DeclareUnicodeCharacter 


main.tex:8: LaTeX Error: Unicode character Ø³ (U+0633)
               not set up for use with LaTeX.

See the LaTeX manual or LaTeX Companion for explanation.
Type  H <return>  for immediate help.
 ...                                              
                                                  
l.8 ...Ù† Ø§ÙˆÙ„ÛŒÙ† Ù¾Ø±ÙˆÚ˜Ù‡ \LaTeX{} Ù…Ù† Ø§Ø³
                                                  Øª.
You may provide a definition with
\DeclareUnicodeCharacter 


main.tex:8: LaTeX Error: Unicode character Øª (U+062A)
               not set up for use with LaTeX.

See the LaTeX manual or LaTeX Companion for explanation.
Type  H <return>  for immediate help.
 ...                                              
                                                  
l.8 ... Ø§ÙˆÙ„ÛŒÙ† Ù¾Ø±ÙˆÚ˜Ù‡ \LaTeX{} Ù…Ù† Ø§Ø³Øª
                                                  .
You may provide a definition with
\DeclareUnicodeCharacter 


main.tex:10: LaTeX Error: Unicode character ÛŒ (U+06CC)
               not set up for use with LaTeX.

See the LaTeX manual or LaTeX Companion for explanation.
Type  H <return>  for immediate help.
 ...                                              
                                                  
l.10 ÛŒ
       Ú© ÙØ±Ù…ÙˆÙ„ Ø³Ø§Ø¯Ù‡:
You may provide a definition with
\DeclareUnicodeCharacter 


main.tex:10: LaTeX Error: Unicode character Ú© (U+06A9)
               not set up for use with LaTeX.

See the LaTeX manual or LaTeX Companion for explanation.
Type  H <return>  for immediate help.
 ...                                              
                                                  
l.10 ÛŒÚ©
          ÙØ±Ù…ÙˆÙ„ Ø³Ø§Ø¯Ù‡:
You may provide a definition with
\DeclareUnicodeCharacter 


main.tex:10: LaTeX Error: Unicode character Ù (U+0641)
               not set up for use with LaTeX.

See the LaTeX manual or LaTeX Companion for explanation.
Type  H <return>  for immediate help.
 ...                                              
                                                  
l.10 ÛŒÚ© Ù
            Ø±Ù…ÙˆÙ„ Ø³Ø§Ø¯Ù‡:
You may provide a definition with
\DeclareUnicodeCharacter 


main.tex:10: LaTeX Error: Unicode character Ø± (U+0631)
               not set up for use with LaTeX.

See the LaTeX manual or LaTeX Companion for explanation.
Type  H <return>  for immediate help.
 ...                                              
                                                  
l.10 ÛŒÚ© ÙØ±
              Ù…ÙˆÙ„ Ø³Ø§Ø¯Ù‡:
You may provide a definition with
\DeclareUnicodeCharacter 


main.tex:10: LaTeX Error: Unicode character Ù… (U+0645)
               not set up for use with LaTeX.

See the LaTeX manual or LaTeX Companion for explanation.
Type  H <return>  for immediate help.
 ...                                              
                                                  
l.10 ÛŒÚ© ÙØ±Ù…
                ÙˆÙ„ Ø³Ø§Ø¯Ù‡:
You may provide a definition with
\DeclareUnicodeCharacter 


main.tex:10: LaTeX Error: Unicode character Ùˆ (U+0648)
               not set up for use with LaTeX.

See the LaTeX manual or LaTeX Companion for explanation.
Type  H <return>  for immediate help.
 ...                                              
                                                  
l.10 ÛŒÚ© ÙØ±Ù…Ùˆ
                  Ù„ Ø³Ø§Ø¯Ù‡:
You may provide a definition with
\DeclareUnicodeCharacter 


main.tex:10: LaTeX Error: Unicode character Ù„ (U+0644)
               not set up for use with LaTeX.

See the LaTeX manual or LaTeX Companion for explanation.
Type  H <return>  for immediate help.
 ...                                              
                                                  
l.10 ÛŒÚ© ÙØ±Ù…ÙˆÙ„
                     Ø³Ø§Ø¯Ù‡:
You may provide a definition with
\DeclareUnicodeCharacter 


main.tex:10: LaTeX Error: Unicode character Ø³ (U+0633)
               not set up for use with LaTeX.

See the LaTeX manual or LaTeX Companion for explanation.
Type  H <return>  for immediate help.
 ...                                              
                                                  
l.10 ÛŒÚ© ÙØ±Ù…ÙˆÙ„ Ø³
                       Ø§Ø¯Ù‡:
You may provide a definition with
\DeclareUnicodeCharacter 


main.tex:10: LaTeX Error: Unicode character Ø§ (U+0627)
               not set up for use with LaTeX.

See the LaTeX manual or LaTeX Companion for explanation.
Type  H <return>  for immediate help.
 ...                                              
                                                  
l.10 ÛŒÚ© ÙØ±Ù…ÙˆÙ„ Ø³Ø§
                         Ø¯Ù‡:
You may provide a definition with
\DeclareUnicodeCharacter 


main.tex:10: LaTeX Error: Unicode character Ø¯ (U+062F)
               not set up for use with LaTeX.

See the LaTeX manual or LaTeX Companion for explanation.
Type  H <return>  for immediate help.
 ...                                              
                                                  
l.10 ÛŒÚ© ÙØ±Ù…ÙˆÙ„ Ø³Ø§Ø¯
                           Ù‡:
You may provide a definition with
\DeclareUnicodeCharacter 


main.tex:10: LaTeX Error: Unicode character Ù‡ (U+0647)
               not set up for use with LaTeX.

See the LaTeX manual or LaTeX Companion for explanation.
Type  H <return>  for immediate help.
 ...                                              
                                                  
l.10 ÛŒÚ© ÙØ±Ù…ÙˆÙ„ Ø³Ø§Ø¯Ù‡
                             :
You may provide a definition with
\DeclareUnicodeCharacter 

[1

{C:/Users/Pars/AppData/Local/MiKTeX/fonts/map/pdftex/pdftex.map}]
(C:/Users\Pars\Desktop\my computer\taha\zohram\Ziraxa\project\DL\IE-ai-enginiee
r\auxil\main.aux)
 ***********
LaTeX2e <2023-11-01> patch level 1
L3 programming layer <2024-01-04>
 ***********
 ) 
Here is how much of TeX's memory you used:
 2019 strings out of 474486
 30923 string characters out of 5753573
 1925542 words of memory out of 5000000
 24331 multiletter control sequences out of 15000+600000
 558523 words of font info for 38 fonts, out of 8000000 for 9000
 1141 hyphenation exceptions out of 8191
 57i,5n,65p,255b,113s stack positions out of 10000i,1000n,20000p,200000b,200000s
<C:/Program Files/MiKTeX/fonts/type1/public/amsfonts/cm/cmmi10.pfb><C:/Progra
m Files/MiKTeX/fonts/type1/public/amsfonts/cm/cmr10.pfb><C:/Program Files/MiKTe
X/fonts/type1/public/amsfonts/cm/cmr7.pfb>
Output written on "C:/Users\Pars\Desktop\my computer\taha\zohram\Ziraxa\project
\DL\IE-ai-enginieer\out\main.pdf" (1 page, 30449 bytes).
PDF statistics:
 21 PDF objects out of 1000 (max. 8388607)
 0 named destinations out of 1000 (max. 500000)
 1 words of extra memory for PDF output out of 10000 (max. 10000000)

